2018-10-10 21:30:40 main INFO Refreshing org.springframework.context.annotation.AnnotationConfigApplicationContext@231f98ef: startup date [Wed Oct 10 21:30:40 CST 2018]; root of context hierarchy
2018-10-10 21:30:41 background-preinit INFO HV000001: Hibernate Validator 5.3.5.Final
2018-10-10 21:30:41 main INFO JSR-330 'javax.inject.Inject' annotation found and supported for autowiring
2018-10-10 21:30:41 main INFO Bean 'configurationPropertiesRebinderAutoConfiguration' of type [org.springframework.cloud.autoconfigure.ConfigurationPropertiesRebinderAutoConfiguration$$EnhancerBySpringCGLIB$$e13c53c1] is not eligible for getting processed by all BeanPostProcessors (for example: not eligible for auto-proxying)
2018-10-10 21:30:47 main INFO Setting initial instance status as: STARTING
2018-10-10 21:30:47 main INFO Initializing Eureka in region us-east-1
2018-10-10 21:30:53 main INFO Using JSON encoding codec LegacyJacksonJson
2018-10-10 21:30:53 main INFO Using JSON decoding codec LegacyJacksonJson
2018-10-10 21:30:53 main INFO Using XML encoding codec XStreamXml
2018-10-10 21:30:53 main INFO Using XML decoding codec XStreamXml
2018-10-10 21:30:54 main INFO Resolving eureka endpoints via configuration
2018-10-10 21:30:56 main INFO Disable delta property : false
2018-10-10 21:30:56 main INFO Single vip registry refresh property : null
2018-10-10 21:30:56 main INFO Force full registry fetch : false
2018-10-10 21:30:56 main INFO Application is null : false
2018-10-10 21:30:56 main INFO Registered Applications size is zero : true
2018-10-10 21:30:56 main INFO Application version is -1: true
2018-10-10 21:30:56 main INFO Getting all instance registry info from the eureka server
2018-10-10 21:30:56 main INFO The response status is 200
2018-10-10 21:30:56 main INFO Not registering with Eureka server per configuration
2018-10-10 21:30:56 main INFO Discovery Client initialized at timestamp 1539178256844 with initial instances count: 1
2018-10-10 21:31:02 main INFO Fetching config from server at: http://192.168.1.101:22222/
2018-10-10 21:31:10 main INFO Located environment: name=web-service, profiles=[dev], label=master, version=5de3fbf5e80d978120171ac58c5fc6074914d16e, state=null
2018-10-10 21:31:10 main INFO Located property source: CompositePropertySource [name='configService', propertySources=[MapPropertySource [name='configClient'], MapPropertySource [name='https://github.com/X-yong/web-footmark.git/config-repo/web-service-dev.yml']]]
2018-10-10 21:31:10 main INFO The following profiles are active: dev
2018-10-10 21:31:12 main WARN Skipping MapperFactoryBean with name 'testUserMapper' and 'com.footmark.service.dao.TestUserMapper' mapperInterface. Bean already defined with the same name!
2018-10-10 21:31:12 main WARN No MyBatis mapper was found in '[com.footmark.service.dao]' package. Please check your configuration.
2018-10-10 21:31:13 main INFO Multiple Spring Data modules found, entering strict repository configuration mode!
2018-10-10 21:31:15 main INFO BeanFactory id=0a62cbb1-a751-3a90-8fac-77a00b5dcf15
2018-10-10 21:31:15 main INFO JSR-330 'javax.inject.Inject' annotation found and supported for autowiring
2018-10-10 21:31:15 main INFO Bean 'org.springframework.transaction.annotation.ProxyTransactionManagementConfiguration' of type [org.springframework.transaction.annotation.ProxyTransactionManagementConfiguration$$EnhancerBySpringCGLIB$$c52250c4] is not eligible for getting processed by all BeanPostProcessors (for example: not eligible for auto-proxying)
2018-10-10 21:31:15 main INFO Bean 'org.springframework.cloud.netflix.metrics.MetricsInterceptorConfiguration$MetricsRestTemplateConfiguration' of type [org.springframework.cloud.netflix.metrics.MetricsInterceptorConfiguration$MetricsRestTemplateConfiguration$$EnhancerBySpringCGLIB$$f74ef705] is not eligible for getting processed by all BeanPostProcessors (for example: not eligible for auto-proxying)
2018-10-10 21:31:15 main INFO Bean 'org.springframework.cloud.autoconfigure.ConfigurationPropertiesRebinderAutoConfiguration' of type [org.springframework.cloud.autoconfigure.ConfigurationPropertiesRebinderAutoConfiguration$$EnhancerBySpringCGLIB$$e13c53c1] is not eligible for getting processed by all BeanPostProcessors (for example: not eligible for auto-proxying)
2018-10-10 21:31:15 main INFO Starting service Tomcat
2018-10-10 21:31:15 main INFO Starting Servlet Engine: Apache Tomcat/8.5.14
2018-10-10 21:31:16 localhost-startStop-1 INFO Initializing Spring embedded WebApplicationContext
2018-10-10 21:31:16 localhost-startStop-1 INFO Root WebApplicationContext: initialization completed in 6117 ms
2018-10-10 21:31:16 localhost-startStop-1 INFO init Druid Servlet Configuration 
2018-10-10 21:31:19 main INFO Mapped "{[/web-service/test-one],methods=[POST],consumes=[application/json],produces=[application/json]}" onto public void com.footmark.service.controller.TestUserController.testUser(com.web.common.footmark.User)
2018-10-10 21:31:19 main INFO Mapped "{[/v2/api-docs],methods=[GET],produces=[application/json || application/hal+json]}" onto public org.springframework.http.ResponseEntity<springfox.documentation.spring.web.json.Json> springfox.documentation.swagger2.web.Swagger2Controller.getDocumentation(java.lang.String,javax.servlet.http.HttpServletRequest)
2018-10-10 21:31:19 main INFO Mapped "{[/swagger-resources/configuration/ui]}" onto org.springframework.http.ResponseEntity<springfox.documentation.swagger.web.UiConfiguration> springfox.documentation.swagger.web.ApiResourceController.uiConfiguration()
2018-10-10 21:31:19 main INFO Mapped "{[/swagger-resources]}" onto org.springframework.http.ResponseEntity<java.util.List<springfox.documentation.swagger.web.SwaggerResource>> springfox.documentation.swagger.web.ApiResourceController.swaggerResources()
2018-10-10 21:31:19 main INFO Mapped "{[/swagger-resources/configuration/security]}" onto org.springframework.http.ResponseEntity<springfox.documentation.swagger.web.SecurityConfiguration> springfox.documentation.swagger.web.ApiResourceController.securityConfiguration()
2018-10-10 21:31:19 main INFO Mapped "{[/error]}" onto public org.springframework.http.ResponseEntity<java.util.Map<java.lang.String, java.lang.Object>> org.springframework.boot.autoconfigure.web.BasicErrorController.error(javax.servlet.http.HttpServletRequest)
2018-10-10 21:31:19 main INFO Mapped "{[/error],produces=[text/html]}" onto public org.springframework.web.servlet.ModelAndView org.springframework.boot.autoconfigure.web.BasicErrorController.errorHtml(javax.servlet.http.HttpServletRequest,javax.servlet.http.HttpServletResponse)
2018-10-10 21:31:25 main WARN No URLs will be polled as dynamic configuration sources.
2018-10-10 21:31:25 main INFO To enable URLs as dynamic configuration sources, define System property archaius.configurationSource.additionalUrls or make config.properties available on classpath.
2018-10-10 21:31:25 main WARN No URLs will be polled as dynamic configuration sources.
2018-10-10 21:31:25 main INFO To enable URLs as dynamic configuration sources, define System property archaius.configurationSource.additionalUrls or make config.properties available on classpath.
2018-10-10 21:31:25 main INFO Looking for @ControllerAdvice: org.springframework.boot.context.embedded.AnnotationConfigEmbeddedWebApplicationContext@55d58825: startup date [Wed Oct 10 21:31:10 CST 2018]; parent: org.springframework.context.annotation.AnnotationConfigApplicationContext@231f98ef
2018-10-10 21:31:25 main INFO Mapped URL path [/webjars/**] onto handler of type [class org.springframework.web.servlet.resource.ResourceHttpRequestHandler]
2018-10-10 21:31:25 main INFO Mapped URL path [/**] onto handler of type [class org.springframework.web.servlet.resource.ResourceHttpRequestHandler]
2018-10-10 21:31:25 main INFO Mapped URL path [/**/favicon.ico] onto handler of type [class org.springframework.web.servlet.resource.ResourceHttpRequestHandler]
2018-10-10 21:31:26 main INFO SpringTemplateLoader for FreeMarker: using resource loader [org.springframework.boot.context.embedded.AnnotationConfigEmbeddedWebApplicationContext@55d58825: startup date [Wed Oct 10 21:31:10 CST 2018]; parent: org.springframework.context.annotation.AnnotationConfigApplicationContext@231f98ef] and template loader path [classpath:/templates/]
2018-10-10 21:31:26 main INFO ClassTemplateLoader for Spring macros added to FreeMarker configuration
2018-10-10 21:31:26 main INFO Shutting down DiscoveryClient ...
2018-10-10 21:31:26 main INFO Completed shut down of DiscoveryClient
2018-10-10 21:31:26 main INFO Registering beans for JMX exposure on startup
2018-10-10 21:31:26 main INFO Bean with name 'dataSource' has been autodetected for JMX exposure
2018-10-10 21:31:26 main INFO Bean with name 'environmentManager' has been autodetected for JMX exposure
2018-10-10 21:31:26 main INFO Bean with name 'configurationPropertiesRebinder' has been autodetected for JMX exposure
2018-10-10 21:31:26 main INFO Bean with name 'refreshEndpoint' has been autodetected for JMX exposure
2018-10-10 21:31:26 main INFO Bean with name 'restartEndpoint' has been autodetected for JMX exposure
2018-10-10 21:31:26 main INFO Bean with name 'serviceRegistryEndpoint' has been autodetected for JMX exposure
2018-10-10 21:31:26 main INFO Bean with name 'refreshScope' has been autodetected for JMX exposure
2018-10-10 21:31:26 main INFO Located managed bean 'environmentManager': registering with JMX server as MBean [org.springframework.cloud.context.environment:name=environmentManager,type=EnvironmentManager]
2018-10-10 21:31:26 main INFO Located managed bean 'restartEndpoint': registering with JMX server as MBean [org.springframework.cloud.context.restart:name=restartEndpoint,type=RestartEndpoint]
2018-10-10 21:31:26 main INFO Located managed bean 'serviceRegistryEndpoint': registering with JMX server as MBean [org.springframework.cloud.client.serviceregistry.endpoint:name=serviceRegistryEndpoint,type=ServiceRegistryEndpoint]
2018-10-10 21:31:26 main INFO Located managed bean 'refreshScope': registering with JMX server as MBean [org.springframework.cloud.context.scope.refresh:name=refreshScope,type=RefreshScope]
2018-10-10 21:31:26 main INFO Located managed bean 'configurationPropertiesRebinder': registering with JMX server as MBean [org.springframework.cloud.context.properties:name=configurationPropertiesRebinder,context=55d58825,type=ConfigurationPropertiesRebinder]
2018-10-10 21:31:27 main INFO Located MBean 'dataSource': registering with JMX server as MBean [com.alibaba.druid.pool:name=dataSource,type=DruidDataSource]
2018-10-10 21:31:27 main INFO Located managed bean 'refreshEndpoint': registering with JMX server as MBean [org.springframework.cloud.endpoint:name=refreshEndpoint,type=RefreshEndpoint]
2018-10-10 21:31:27 main INFO Starting beans in phase 0
2018-10-10 21:31:27 main INFO Setting initial instance status as: STARTING
2018-10-10 21:31:27 main INFO Initializing Eureka in region us-east-1
2018-10-10 21:31:27 main INFO Using JSON encoding codec LegacyJacksonJson
2018-10-10 21:31:27 main INFO Using JSON decoding codec LegacyJacksonJson
2018-10-10 21:31:27 main INFO Using XML encoding codec XStreamXml
2018-10-10 21:31:27 main INFO Using XML decoding codec XStreamXml
2018-10-10 21:31:27 main INFO Resolving eureka endpoints via configuration
2018-10-10 21:31:27 main INFO Disable delta property : false
2018-10-10 21:31:27 main INFO Single vip registry refresh property : null
2018-10-10 21:31:27 main INFO Force full registry fetch : false
2018-10-10 21:31:27 main INFO Application is null : false
2018-10-10 21:31:27 main INFO Registered Applications size is zero : true
2018-10-10 21:31:28 main INFO Application version is -1: true
2018-10-10 21:31:28 main INFO Getting all instance registry info from the eureka server
2018-10-10 21:31:28 main INFO The response status is 200
2018-10-10 21:31:28 main INFO Starting heartbeat executor: renew interval is: 10
2018-10-10 21:31:28 main INFO InstanceInfoReplicator onDemand update allowed rate per min is 4
2018-10-10 21:31:28 main INFO Discovery Client initialized at timestamp 1539178288013 with initial instances count: 2
2018-10-10 21:31:28 main INFO Registering application web-service with eureka with status UP
2018-10-10 21:31:28 main INFO Saw local status change event StatusChangeEvent [timestamp=1539178288040, current=UP, previous=STARTING]
2018-10-10 21:31:28 DiscoveryClient-InstanceInfoReplicator-0 INFO DiscoveryClient_WEB-SERVICE/192.168.1.101:8799: registering service...
2018-10-10 21:31:28 DiscoveryClient-InstanceInfoReplicator-0 INFO DiscoveryClient_WEB-SERVICE/192.168.1.101:8799 - registration status: 204
2018-10-10 21:31:28 main INFO Starting beans in phase 2147483647
2018-10-10 21:31:28 main INFO Context refreshed
2018-10-10 21:31:28 main INFO Found 1 custom documentation plugin(s)
2018-10-10 21:31:28 main INFO Scanning for api listing references
2018-10-10 21:31:28 main INFO Initializing ProtocolHandler ["http-nio-8799"]
2018-10-10 21:31:28 main INFO Starting ProtocolHandler ["http-nio-8799"]
2018-10-10 21:31:28 main INFO Using a shared selector for servlet write/read
2018-10-10 21:31:28 main INFO Updating port to 8799
2018-10-10 21:31:28 main INFO Started WebServiceApplication in 53.714 seconds (JVM running for 60.475)
2018-10-10 21:31:29 RMI TCP Connection(10)-127.0.0.1 INFO {dataSource-1} inited
2018-10-10 21:31:29 RMI TCP Connection(10)-127.0.0.1 INFO Fetching config from server at: http://192.168.1.101:22222/
2018-10-10 21:31:36 RMI TCP Connection(10)-127.0.0.1 INFO Located environment: name=web-service, profiles=[dev], label=master, version=5de3fbf5e80d978120171ac58c5fc6074914d16e, state=null
2018-10-10 21:32:15 http-nio-8799-exec-1 INFO Initializing Spring FrameworkServlet 'dispatcherServlet'
2018-10-10 21:32:15 http-nio-8799-exec-1 INFO FrameworkServlet 'dispatcherServlet': initialization started
2018-10-10 21:32:15 http-nio-8799-exec-1 INFO FrameworkServlet 'dispatcherServlet': initialization completed in 137 ms
2018-10-10 21:36:28 AsyncResolver-bootstrap-executor-0 INFO Resolving eureka endpoints via configuration
2018-10-10 21:41:28 AsyncResolver-bootstrap-executor-0 INFO Resolving eureka endpoints via configuration
2018-10-10 21:46:28 AsyncResolver-bootstrap-executor-0 INFO Resolving eureka endpoints via configuration
